.title "Total Holdings Value"
.category "Statistical Reports"
.column count title="Count" width=5 align="right"
.column value title=Value width=5 align="right"
.parameters
.
.end parameters

.sql
SELECT count(b.bibid) as count
    	,FORMAT(sum(bcf.data),2) as value
FROM biblio b
		,biblio_copy bc
		,biblio_copy_fields bcf
		,material_type_dm mtd
		,collection_dm cd
WHERE (bc.bibid = b.bibid) 
	AND (bcf.copyid = bc.copyId) AND (bcf.code = 'pr') and IFNULL(bcf.data,0) 
	AND (cd.code = b.collection_cd)
	AND (mtd.code = b.material_cd)
;
.end sql
